<?xml version="1.0" encoding="UTF-8"?>
<robot generator="Robot 7.1 (Python 3.12.5 on darwin)" generated="2025-02-21T19:02:55.555078" rpa="false" schemaversion="5">
<suite id="s1" name="Tests" source="/Users/lislaine/Documents/treinamento/RobotFramework/treinamento_robot/Automation Testing Practice/Tests.robot">
<kw name="Logar no Sistema" owner="keywords" type="SETUP">
<kw name="Open Browser" owner="SeleniumLibrary">
<msg time="2025-02-21T19:02:56.283460" level="INFO">Opening browser 'Chrome' to base url 'https://testautomationpractice.blogspot.com/'.</msg>
<arg>${URL}</arg>
<arg>browser=Chrome</arg>
<doc>Opens a new browser instance to the optional ``url``.</doc>
<status status="PASS" start="2025-02-21T19:02:56.279523" elapsed="10.465924"/>
</kw>
<kw name="Maximize Browser Window" owner="SeleniumLibrary">
<doc>Maximizes current browser window.</doc>
<status status="PASS" start="2025-02-21T19:03:06.748649" elapsed="0.632026"/>
</kw>
<kw name="Sleep" owner="BuiltIn">
<msg time="2025-02-21T19:03:12.383491" level="INFO">Slept 5 seconds.</msg>
<arg>5</arg>
<doc>Pauses the test executed for the given time.</doc>
<status status="PASS" start="2025-02-21T19:03:07.381652" elapsed="5.002745"/>
</kw>
<status status="PASS" start="2025-02-21T19:02:56.277458" elapsed="16.107372"/>
</kw>
<test id="s1-t1" name="Validar Preenchimento de Campos" line="11">
<kw name="Input Text" owner="SeleniumLibrary">
<msg time="2025-02-21T19:03:12.388991" level="INFO">Typing text '02/21/2025' into text field '//input[@id='datepicker']'.</msg>
<arg>//input[@id='datepicker']</arg>
<arg>${DATA}</arg>
<doc>Types the given ``text`` into the text field identified by ``locator``.</doc>
<status status="PASS" start="2025-02-21T19:03:12.386993" elapsed="0.842783"/>
</kw>
<kw name="Press Keys" owner="SeleniumLibrary">
<msg time="2025-02-21T19:03:13.237727" level="INFO">Sending key(s) ('ENTER',) to page.</msg>
<msg time="2025-02-21T19:03:13.239103" level="INFO">Pressing special key ENTER to browser.</msg>
<msg time="2025-02-21T19:03:13.240006" level="INFO">Releasing special key ENTER.</msg>
<arg>none</arg>
<arg>ENTER</arg>
<doc>Simulates the user pressing key(s) to an element or on the active browser.</doc>
<status status="PASS" start="2025-02-21T19:03:13.232897" elapsed="0.052422"/>
</kw>
<kw name="Click Element" owner="SeleniumLibrary">
<msg time="2025-02-21T19:03:13.288061" level="INFO">Clicking element '//input[@name="SelectedDate"]'.</msg>
<arg>//input[@name="SelectedDate"]</arg>
<doc>Click the element identified by ``locator``.</doc>
<status status="PASS" start="2025-02-21T19:03:13.287096" elapsed="0.383227"/>
</kw>
<kw name="Select From List By Value" owner="SeleniumLibrary">
<msg time="2025-02-21T19:03:13.680585" level="INFO">Selecting options from selection list '//select[@class='ui-datepicker-month']' by value 2.</msg>
<arg>//select[@class='ui-datepicker-month']</arg>
<arg>${DATAPICKER2_MES.MAR}</arg>
<doc>Selects options from selection list ``locator`` by ``values``.</doc>
<status status="PASS" start="2025-02-21T19:03:13.672064" elapsed="0.260647"/>
</kw>
<kw name="Select From List By Value" owner="SeleniumLibrary">
<msg time="2025-02-21T19:03:13.941301" level="INFO">Selecting options from selection list '//select[@class='ui-datepicker-year']' by value 2024.</msg>
<arg>//select[@class='ui-datepicker-year']</arg>
<arg>2024</arg>
<doc>Selects options from selection list ``locator`` by ``values``.</doc>
<status status="PASS" start="2025-02-21T19:03:13.939392" elapsed="0.198864"/>
</kw>
<kw name="Click Element" owner="SeleniumLibrary">
<msg time="2025-02-21T19:03:14.142909" level="INFO">Clicking element '//a[@data-date='4']'.</msg>
<arg>//a[@data-date='4']</arg>
<doc>Click the element identified by ``locator``.</doc>
<status status="PASS" start="2025-02-21T19:03:14.140271" elapsed="0.214418"/>
</kw>
<kw name="Sleep" owner="BuiltIn">
<msg time="2025-02-21T19:03:24.357996" level="INFO">Slept 10 seconds.</msg>
<arg>10</arg>
<doc>Pauses the test executed for the given time.</doc>
<status status="PASS" start="2025-02-21T19:03:14.356523" elapsed="10.002734"/>
</kw>
<status status="PASS" start="2025-02-21T19:03:12.385262" elapsed="11.980245"/>
</test>
<status status="PASS" start="2025-02-21T19:02:55.578189" elapsed="28.794262"/>
</suite>
<statistics>
<total>
<stat pass="1" fail="0" skip="0">All Tests</stat>
</total>
<tag>
</tag>
<suite>
<stat pass="1" fail="0" skip="0" id="s1" name="Tests">Tests</stat>
</suite>
</statistics>
<errors>
</errors>
</robot>
